[debug] [2018-03-07T14:50:08.391Z] ----------------------------------------------------------------------
[debug] [2018-03-07T14:50:08.394Z] Command:       /Users/davidsamudio/.nvm/versions/node/v8.1.0/bin/node /Users/davidsamudio/.nvm/versions/node/v8.1.0/bin/firebase serve --only functions
[debug] [2018-03-07T14:50:08.394Z] CLI Version:   3.17.4
[debug] [2018-03-07T14:50:08.394Z] Platform:      darwin
[debug] [2018-03-07T14:50:08.394Z] Node Version:  v8.1.0
[debug] [2018-03-07T14:50:08.395Z] Time:          Wed Mar 07 2018 09:50:08 GMT-0500 (EST)
[debug] [2018-03-07T14:50:08.395Z] ----------------------------------------------------------------------
[debug] 
[debug] [2018-03-07T14:50:08.405Z] > command requires scopes: ["email","openid","https://www.googleapis.com/auth/cloudplatformprojects.readonly","https://www.googleapis.com/auth/firebase","https://www.googleapis.com/auth/cloud-platform"]
[debug] [2018-03-07T14:50:08.405Z] > authorizing via signed-in user
[debug] [2018-03-07T14:50:08.406Z] >>> HTTP REQUEST GET https://admin.firebase.com/v1/projects/firebase-seecoderun  
  
 Wed Mar 07 2018 09:50:08 GMT-0500 (EST)
[debug] [2018-03-07T14:50:08.435Z] Error: getaddrinfo ENOTFOUND admin.firebase.com admin.firebase.com:443
    at errnoException (dns.js:50:10)
    at GetAddrInfoReqWrap.onlookup [as oncomplete] (dns.js:91:26)
[error] 
[error] Error: Server Error. getaddrinfo ENOTFOUND admin.firebase.com admin.firebase.com:443
[debug] [2018-03-07T14:50:13.699Z] ----------------------------------------------------------------------
[debug] [2018-03-07T14:50:13.701Z] Command:       /Users/davidsamudio/.nvm/versions/node/v8.1.0/bin/node /Users/davidsamudio/.nvm/versions/node/v8.1.0/bin/firebase serve --only functions
[debug] [2018-03-07T14:50:13.701Z] CLI Version:   3.17.4
[debug] [2018-03-07T14:50:13.701Z] Platform:      darwin
[debug] [2018-03-07T14:50:13.701Z] Node Version:  v8.1.0
[debug] [2018-03-07T14:50:13.702Z] Time:          Wed Mar 07 2018 09:50:13 GMT-0500 (EST)
[debug] [2018-03-07T14:50:13.702Z] ----------------------------------------------------------------------
[debug] 
[debug] [2018-03-07T14:50:13.711Z] > command requires scopes: ["email","openid","https://www.googleapis.com/auth/cloudplatformprojects.readonly","https://www.googleapis.com/auth/firebase","https://www.googleapis.com/auth/cloud-platform"]
[debug] [2018-03-07T14:50:13.711Z] > authorizing via signed-in user
[debug] [2018-03-07T14:50:13.712Z] >>> HTTP REQUEST GET https://admin.firebase.com/v1/projects/firebase-seecoderun  
  
 Wed Mar 07 2018 09:50:13 GMT-0500 (EST)
[debug] [2018-03-07T14:50:13.742Z] Error: getaddrinfo ENOTFOUND admin.firebase.com admin.firebase.com:443
    at errnoException (dns.js:50:10)
    at GetAddrInfoReqWrap.onlookup [as oncomplete] (dns.js:91:26)
[error] 
[error] Error: Server Error. getaddrinfo ENOTFOUND admin.firebase.com admin.firebase.com:443
